0 info it worked if it ends with ok
1 verbose cli [ 'node', '/Users/andrew/.nvm/v0.10.40/bin/npm', 'start' ]
2 info using npm@3.8.8
3 info using node@v0.10.40
4 verbose run-script [ 'prestart', 'start', 'poststart' ]
5 info lifecycle exp16@0.0.0~prestart: exp16@0.0.0
6 silly lifecycle exp16@0.0.0~prestart: no script for prestart, continuing
7 info lifecycle exp16@0.0.0~start: exp16@0.0.0
8 verbose lifecycle exp16@0.0.0~start: unsafe-perm in lifecycle true
9 verbose lifecycle exp16@0.0.0~start: PATH: /Users/andrew/.nvm/v0.10.40/lib/node_modules/npm/bin/node-gyp-bin:/Users/andrew/Dropbox/Sites/exp16/node_modules/.bin:/Users/andrew/.nvm/v0.10.40/bin:/Users/andrew/.nvm/v0.10.40/bin:/usr/local/bin:/usr/bin:/bin:/usr/sbin:/sbin:/Users/andrew/Development/android/tools:/Users/andrew/Development/android/platform-tools
10 verbose lifecycle exp16@0.0.0~start: CWD: /Users/andrew/Dropbox/Sites/exp16
11 silly lifecycle exp16@0.0.0~start: Args: [ '-c', 'node ./bin/www' ]
12 silly lifecycle exp16@0.0.0~start: Returned: code: 8  signal: null
13 info lifecycle exp16@0.0.0~start: Failed to exec start script
14 verbose stack Error: exp16@0.0.0 start: `node ./bin/www`
14 verbose stack Exit status 8
14 verbose stack     at EventEmitter.<anonymous> (/Users/andrew/.nvm/v0.10.40/lib/node_modules/npm/lib/utils/lifecycle.js:244:16)
14 verbose stack     at EventEmitter.emit (events.js:98:17)
14 verbose stack     at ChildProcess.<anonymous> (/Users/andrew/.nvm/v0.10.40/lib/node_modules/npm/lib/utils/spawn.js:24:14)
14 verbose stack     at ChildProcess.emit (events.js:98:17)
14 verbose stack     at maybeClose (child_process.js:766:16)
14 verbose stack     at Process.ChildProcess._handle.onexit (child_process.js:833:5)
15 verbose pkgid exp16@0.0.0
16 verbose cwd /Users/andrew/Dropbox/Sites/exp16
17 error Darwin 15.0.0
18 error argv "node" "/Users/andrew/.nvm/v0.10.40/bin/npm" "start"
19 error node v0.10.40
20 error npm  v3.8.8
21 error code ELIFECYCLE
22 error exp16@0.0.0 start: `node ./bin/www`
22 error Exit status 8
23 error Failed at the exp16@0.0.0 start script 'node ./bin/www'.
23 error Make sure you have the latest version of node.js and npm installed.
23 error If you do, this is most likely a problem with the exp16 package,
23 error not with npm itself.
23 error Tell the author that this fails on your system:
23 error     node ./bin/www
23 error You can get information on how to open an issue for this project with:
23 error     npm bugs exp16
23 error Or if that isn't available, you can get their info via:
23 error     npm owner ls exp16
23 error There is likely additional logging output above.
24 verbose exit [ 1, true ]
